<?xml version="1.0" encoding="UTF-8"?>
<!-- Generated by org.testng.reporters.JUnitXMLReporter -->
<testsuite hostname="D200844" name="Surefire test" tests="1" failures="1" timestamp="28 Mar 2018 14:59:15 GMT" time="0.679" errors="0">
  <testcase name="feature" time="0.12" classname="RunCukesTest">
    <failure type="cucumber.runtime.CucumberException" message="cucumber.runtime.CucumberException: Arity mismatch: Step Definition &amp;apos;cucumber.test.steps.MyStepdefs1.dvlsWebsite(Array[]) in file:/C:/Users/jvendi/Downloads/GITJagsPracticeFrom/jagsEvergreen/target/test-classes/&amp;apos; with pattern [^As end user i want to opne browser$] is declared with 1 parameters. However, the gherkin step has 0 arguments []. 
Step: Given As end user i want to opne browser">
      <![CDATA[cucumber.runtime.CucumberException: cucumber.runtime.CucumberException: Arity mismatch: Step Definition 'cucumber.test.steps.MyStepdefs1.dvlsWebsite(Array[]) in file:/C:/Users/jvendi/Downloads/GITJagsPracticeFrom/jagsEvergreen/target/test-classes/' with pattern [^As end user i want to opne browser$] is declared with 1 parameters. However, the gherkin step has 0 arguments []. 
Step: Given As end user i want to opne browser
	at cucumber.api.testng.TestNGCucumberRunner.runCucumber(TestNGCucumberRunner.java:69)
	at cucumber.api.testng.AbstractTestNGCucumberTests.feature(AbstractTestNGCucumberTests.java:21)
Caused by: cucumber.runtime.CucumberException: Arity mismatch: Step Definition 'cucumber.test.steps.MyStepdefs1.dvlsWebsite(Array[]) in file:/C:/Users/jvendi/Downloads/GITJagsPracticeFrom/jagsEvergreen/target/test-classes/' with pattern [^As end user i want to opne browser$] is declared with 1 parameters. However, the gherkin step has 0 arguments []. 
Step: Given As end user i want to opne browser
	at cucumber.runtime.StepDefinitionMatch.arityMismatch(StepDefinitionMatch.java:102)
	at cucumber.runtime.StepDefinitionMatch.transformedArgs(StepDefinitionMatch.java:60)
	at cucumber.runtime.StepDefinitionMatch.runStep(StepDefinitionMatch.java:37)
	at cucumber.runtime.Runtime.runStep(Runtime.java:300)
	at cucumber.runtime.model.StepContainer.runStep(StepContainer.java:44)
	at cucumber.runtime.model.StepContainer.runSteps(StepContainer.java:39)
	at cucumber.runtime.model.CucumberScenario.run(CucumberScenario.java:44)
	at cucumber.runtime.model.CucumberFeature.run(CucumberFeature.java:165)
	at cucumber.api.testng.TestNGCucumberRunner.runCucumber(TestNGCucumberRunner.java:63)
	... 30 more
... Removed 29 stack frames]]>
    </failure>
  </testcase> <!-- feature -->
</testsuite> <!-- Surefire test -->
